{"name": "test_authorization", "status": "broken", "statusDetails": {"message": "selenium.common.exceptions.NoSuchElementException: Message: no such element: Unable to locate element: {\"method\":\"css selector\",\"selector\":\"[id=\"username\"]\"}\n  (Session info: chrome=129.0.6668.59); For documentation on this error, please visit: https://www.selenium.dev/documentation/webdriver/troubleshooting/errors#no-such-element-exception\nStacktrace:\n\tGetHandleVerifier [0x00007FF626D4B632+29090]\n\t(No symbol) [0x00007FF626CBE6E9]\n\t(No symbol) [0x00007FF626B7B1CA]\n\t(No symbol) [0x00007FF626BCEFD7]\n\t(No symbol) [0x00007FF626BCF22C]\n\t(No symbol) [0x00007FF626C197F7]\n\t(No symbol) [0x00007FF626BF672F]\n\t(No symbol) [0x00007FF626C165D9]\n\t(No symbol) [0x00007FF626BF6493]\n\t(No symbol) [0x00007FF626BC09B1]\n\t(No symbol) [0x00007FF626BC1B11]\n\tGetHandleVerifier [0x00007FF62706881D+3294093]\n\tGetHandleVerifier [0x00007FF6270B4403+3604339]\n\tGetHandleVerifier [0x00007FF6270AA2C7+3563063]\n\tGetHandleVerifier [0x00007FF626E06F16+797318]\n\t(No symbol) [0x00007FF626CC986F]\n\t(No symbol) [0x00007FF626CC5454]\n\t(No symbol) [0x00007FF626CC55E0]\n\t(No symbol) [0x00007FF626CB4A7F]\n\tBaseThreadInitThunk [0x00007FFC38E07374+20]\n\tRtlUserThreadStart [0x00007FFC39EBCC91+33]", "trace": "self = <src.tests.test_pizzeria.test_pizzeria.TestPizza object at 0x00000201FDE5C220>\nset_up_browser = <selenium.webdriver.chrome.webdriver.WebDriver (session=\"4afd1c11074abdd48818b067481cfbca\")>\n\n    def test_authorization(self, set_up_browser):\n        with allure.step('Запуск браузера'):\n            driver = set_up_browser\n        with allure.step('Переход на страницу авторизации'):\n            auth_page = AuthPage(driver=driver)\n        with allure.step('Авторизация'):\n            registr = RegistPage(driver)\n            login, password = registr.random_user_reg()\n>           auth_page.login(login, password)\n\ntest_pizzeria.py:37: \n_ _ _ _ _ _ _ _ _ _ _ _ _ _ _ _ _ _ _ _ _ _ _ _ _ _ _ _ _ _ _ _ _ _ _ _ _ _ _ _\n..\\pages\\auth_page.py:13: in login\n    self.driver.find_element(*self.input_username).send_keys(login)\nC:\\Users\\Kokur\\AppData\\Local\\miniconda3\\envs\\testenv2\\lib\\site-packages\\selenium\\webdriver\\remote\\webdriver.py:748: in find_element\n    return self.execute(Command.FIND_ELEMENT, {\"using\": by, \"value\": value})[\"value\"]\nC:\\Users\\Kokur\\AppData\\Local\\miniconda3\\envs\\testenv2\\lib\\site-packages\\selenium\\webdriver\\remote\\webdriver.py:354: in execute\n    self.error_handler.check_response(response)\n_ _ _ _ _ _ _ _ _ _ _ _ _ _ _ _ _ _ _ _ _ _ _ _ _ _ _ _ _ _ _ _ _ _ _ _ _ _ _ _\n\nself = <selenium.webdriver.remote.errorhandler.ErrorHandler object at 0x00000201FDE5D960>\nresponse = {'status': 404, 'value': '{\"value\":{\"error\":\"no such element\",\"message\":\"no such element: Unable to locate element: {\\...07FF626CB4A7F]\\\\n\\\\tBaseThreadInitThunk [0x00007FFC38E07374+20]\\\\n\\\\tRtlUserThreadStart [0x00007FFC39EBCC91+33]\\\\n\"}}'}\n\n    def check_response(self, response: Dict[str, Any]) -> None:\n        \"\"\"Checks that a JSON response from the WebDriver does not have an\n        error.\n    \n        :Args:\n         - response - The JSON response from the WebDriver server as a dictionary\n           object.\n    \n        :Raises: If the response contains an error message.\n        \"\"\"\n        status = response.get(\"status\", None)\n        if not status or status == ErrorCode.SUCCESS:\n            return\n        value = None\n        message = response.get(\"message\", \"\")\n        screen: str = response.get(\"screen\", \"\")\n        stacktrace = None\n        if isinstance(status, int):\n            value_json = response.get(\"value\", None)\n            if value_json and isinstance(value_json, str):\n                import json\n    \n                try:\n                    value = json.loads(value_json)\n                    if len(value) == 1:\n                        value = value[\"value\"]\n                    status = value.get(\"error\", None)\n                    if not status:\n                        status = value.get(\"status\", ErrorCode.UNKNOWN_ERROR)\n                        message = value.get(\"value\") or value.get(\"message\")\n                        if not isinstance(message, str):\n                            value = message\n                            message = message.get(\"message\")\n                    else:\n                        message = value.get(\"message\", None)\n                except ValueError:\n                    pass\n    \n        exception_class: Type[WebDriverException]\n        e = ErrorCode()\n        error_codes = [item for item in dir(e) if not item.startswith(\"__\")]\n        for error_code in error_codes:\n            error_info = getattr(ErrorCode, error_code)\n            if isinstance(error_info, list) and status in error_info:\n                exception_class = getattr(ExceptionMapping, error_code, WebDriverException)\n                break\n        else:\n            exception_class = WebDriverException\n    \n        if not value:\n            value = response[\"value\"]\n        if isinstance(value, str):\n            raise exception_class(value)\n        if message == \"\" and \"message\" in value:\n            message = value[\"message\"]\n    \n        screen = None  # type: ignore[assignment]\n        if \"screen\" in value:\n            screen = value[\"screen\"]\n    \n        stacktrace = None\n        st_value = value.get(\"stackTrace\") or value.get(\"stacktrace\")\n        if st_value:\n            if isinstance(st_value, str):\n                stacktrace = st_value.split(\"\\n\")\n            else:\n                stacktrace = []\n                try:\n                    for frame in st_value:\n                        line = frame.get(\"lineNumber\", \"\")\n                        file = frame.get(\"fileName\", \"<anonymous>\")\n                        if line:\n                            file = f\"{file}:{line}\"\n                        meth = frame.get(\"methodName\", \"<anonymous>\")\n                        if \"className\" in frame:\n                            meth = f\"{frame['className']}.{meth}\"\n                        msg = \"    at %s (%s)\"\n                        msg = msg % (meth, file)\n                        stacktrace.append(msg)\n                except TypeError:\n                    pass\n        if exception_class == UnexpectedAlertPresentException:\n            alert_text = None\n            if \"data\" in value:\n                alert_text = value[\"data\"].get(\"text\")\n            elif \"alert\" in value:\n                alert_text = value[\"alert\"].get(\"text\")\n            raise exception_class(message, screen, stacktrace, alert_text)  # type: ignore[call-arg]  # mypy is not smart enough here\n>       raise exception_class(message, screen, stacktrace)\nE       selenium.common.exceptions.NoSuchElementException: Message: no such element: Unable to locate element: {\"method\":\"css selector\",\"selector\":\"[id=\"username\"]\"}\nE         (Session info: chrome=129.0.6668.59); For documentation on this error, please visit: https://www.selenium.dev/documentation/webdriver/troubleshooting/errors#no-such-element-exception\nE       Stacktrace:\nE       \tGetHandleVerifier [0x00007FF626D4B632+29090]\nE       \t(No symbol) [0x00007FF626CBE6E9]\nE       \t(No symbol) [0x00007FF626B7B1CA]\nE       \t(No symbol) [0x00007FF626BCEFD7]\nE       \t(No symbol) [0x00007FF626BCF22C]\nE       \t(No symbol) [0x00007FF626C197F7]\nE       \t(No symbol) [0x00007FF626BF672F]\nE       \t(No symbol) [0x00007FF626C165D9]\nE       \t(No symbol) [0x00007FF626BF6493]\nE       \t(No symbol) [0x00007FF626BC09B1]\nE       \t(No symbol) [0x00007FF626BC1B11]\nE       \tGetHandleVerifier [0x00007FF62706881D+3294093]\nE       \tGetHandleVerifier [0x00007FF6270B4403+3604339]\nE       \tGetHandleVerifier [0x00007FF6270AA2C7+3563063]\nE       \tGetHandleVerifier [0x00007FF626E06F16+797318]\nE       \t(No symbol) [0x00007FF626CC986F]\nE       \t(No symbol) [0x00007FF626CC5454]\nE       \t(No symbol) [0x00007FF626CC55E0]\nE       \t(No symbol) [0x00007FF626CB4A7F]\nE       \tBaseThreadInitThunk [0x00007FFC38E07374+20]\nE       \tRtlUserThreadStart [0x00007FFC39EBCC91+33]\n\nC:\\Users\\Kokur\\AppData\\Local\\miniconda3\\envs\\testenv2\\lib\\site-packages\\selenium\\webdriver\\remote\\errorhandler.py:229: NoSuchElementException"}, "steps": [{"name": "Запуск браузера", "status": "passed", "start": 1727198026394, "stop": 1727198026394}, {"name": "Переход на страницу авторизации", "status": "passed", "start": 1727198026394, "stop": 1727198026394}, {"name": "Авторизация", "status": "broken", "statusDetails": {"message": "selenium.common.exceptions.NoSuchElementException: Message: no such element: Unable to locate element: {\"method\":\"css selector\",\"selector\":\"[id=\"username\"]\"}\n  (Session info: chrome=129.0.6668.59); For documentation on this error, please visit: https://www.selenium.dev/documentation/webdriver/troubleshooting/errors#no-such-element-exception\nStacktrace:\n\tGetHandleVerifier [0x00007FF626D4B632+29090]\n\t(No symbol) [0x00007FF626CBE6E9]\n\t(No symbol) [0x00007FF626B7B1CA]\n\t(No symbol) [0x00007FF626BCEFD7]\n\t(No symbol) [0x00007FF626BCF22C]\n\t(No symbol) [0x00007FF626C197F7]\n\t(No symbol) [0x00007FF626BF672F]\n\t(No symbol) [0x00007FF626C165D9]\n\t(No symbol) [0x00007FF626BF6493]\n\t(No symbol) [0x00007FF626BC09B1]\n\t(No symbol) [0x00007FF626BC1B11]\n\tGetHandleVerifier [0x00007FF62706881D+3294093]\n\tGetHandleVerifier [0x00007FF6270B4403+3604339]\n\tGetHandleVerifier [0x00007FF6270AA2C7+3563063]\n\tGetHandleVerifier [0x00007FF626E06F16+797318]\n\t(No symbol) [0x00007FF626CC986F]\n\t(No symbol) [0x00007FF626CC5454]\n\t(No symbol) [0x00007FF626CC55E0]\n\t(No symbol) [0x00007FF626CB4A7F]\n\tBaseThreadInitThunk [0x00007FFC38E07374+20]\n\tRtlUserThreadStart [0x00007FFC39EBCC91+33]\n\n", "trace": "  File \"C:\\Users\\Kokur\\PycharmProjects\\python-autotests-basic\\Pract2.7\\src\\tests\\test_pizzeria\\test_pizzeria.py\", line 37, in test_authorization\n    auth_page.login(login, password)\n  File \"C:\\Users\\Kokur\\PycharmProjects\\python-autotests-basic\\Pract2.7\\src\\tests\\pages\\auth_page.py\", line 13, in login\n    self.driver.find_element(*self.input_username).send_keys(login)\n  File \"C:\\Users\\Kokur\\AppData\\Local\\miniconda3\\envs\\testenv2\\lib\\site-packages\\selenium\\webdriver\\remote\\webdriver.py\", line 748, in find_element\n    return self.execute(Command.FIND_ELEMENT, {\"using\": by, \"value\": value})[\"value\"]\n  File \"C:\\Users\\Kokur\\AppData\\Local\\miniconda3\\envs\\testenv2\\lib\\site-packages\\selenium\\webdriver\\remote\\webdriver.py\", line 354, in execute\n    self.error_handler.check_response(response)\n  File \"C:\\Users\\Kokur\\AppData\\Local\\miniconda3\\envs\\testenv2\\lib\\site-packages\\selenium\\webdriver\\remote\\errorhandler.py\", line 229, in check_response\n    raise exception_class(message, screen, stacktrace)\n"}, "steps": [{"name": "Ввод в поле Имя", "status": "passed", "start": 1727198027379, "stop": 1727198027436}, {"name": "Ввод в поле mail", "status": "passed", "start": 1727198027436, "stop": 1727198027480}, {"name": "Ввод в поле - пароль", "status": "passed", "start": 1727198027480, "stop": 1727198027522}, {"name": "Нажатие кнопки - Зарегистрироваться", "status": "passed", "start": 1727198027522, "stop": 1727198027832}], "start": 1727198026394, "stop": 1727198038039}], "attachments": [{"name": "log", "source": "1b4cfd26-0cf5-4978-a360-068f233c55d5-attachment.txt", "type": "text/plain"}, {"name": "stderr", "source": "dae6a678-790f-4dc7-8c4e-5c228b58ba9b-attachment.txt", "type": "text/plain"}], "start": 1727198026394, "stop": 1727198038040, "uuid": "75cfd841-eae0-4239-9b73-3cd62f83f226", "historyId": "4d0d4d66ef9dde3d9dde1130b5f4c2c4", "testCaseId": "4d0d4d66ef9dde3d9dde1130b5f4c2c4", "fullName": "src.tests.test_pizzeria.test_pizzeria.TestPizza#test_authorization", "labels": [{"name": "parentSuite", "value": "src.tests.test_pizzeria"}, {"name": "suite", "value": "test_pizzeria"}, {"name": "subSuite", "value": "TestPizza"}, {"name": "host", "value": "DESKTOP-QG3FM91"}, {"name": "thread", "value": "24344-MainThread"}, {"name": "framework", "value": "pytest"}, {"name": "language", "value": "cpython3"}, {"name": "package", "value": "src.tests.test_pizzeria.test_pizzeria"}]}