{"name": "test_double_use_promo", "status": "broken", "statusDetails": {"message": "selenium.common.exceptions.StaleElementReferenceException: Message: stale element reference: stale element not found in the current frame\n  (Session info: chrome=129.0.6668.59); For documentation on this error, please visit: https://www.selenium.dev/documentation/webdriver/troubleshooting/errors#stale-element-reference-exception\nStacktrace:\n\tGetHandleVerifier [0x00007FF626D4B632+29090]\n\t(No symbol) [0x00007FF626CBE6E9]\n\t(No symbol) [0x00007FF626B7B1CA]\n\t(No symbol) [0x00007FF626B81CD3]\n\t(No symbol) [0x00007FF626B84071]\n\t(No symbol) [0x00007FF626B84110]\n\t(No symbol) [0x00007FF626BD6AF9]\n\t(No symbol) [0x00007FF626BD4682]\n\t(No symbol) [0x00007FF626BD1B9B]\n\t(No symbol) [0x00007FF626BD0DB5]\n\t(No symbol) [0x00007FF626BC2D61]\n\t(No symbol) [0x00007FF626BF66EA]\n\t(No symbol) [0x00007FF626BC26A6]\n\t(No symbol) [0x00007FF626BF6900]\n\t(No symbol) [0x00007FF626C165D9]\n\t(No symbol) [0x00007FF626BF6493]\n\t(No symbol) [0x00007FF626BC09B1]\n\t(No symbol) [0x00007FF626BC1B11]\n\tGetHandleVerifier [0x00007FF62706881D+3294093]\n\tGetHandleVerifier [0x00007FF6270B4403+3604339]\n\tGetHandleVerifier [0x00007FF6270AA2C7+3563063]\n\tGetHandleVerifier [0x00007FF626E06F16+797318]\n\t(No symbol) [0x00007FF626CC986F]\n\t(No symbol) [0x00007FF626CC5454]\n\t(No symbol) [0x00007FF626CC55E0]\n\t(No symbol) [0x00007FF626CB4A7F]\n\tBaseThreadInitThunk [0x00007FFC38E07374+20]\n\tRtlUserThreadStart [0x00007FFC39EBCC91+33]", "trace": "self = <src.tests.test_pizzeria.test_pizzeria.TestPizza object at 0x000002449422CBB0>\nset_up_browser = <selenium.webdriver.chrome.webdriver.WebDriver (session=\"ed83a191fd26d19759389983de355c2d\")>\n\n    def test_double_use_promo(self, set_up_browser):\n        driver = set_up_browser\n        menu_page = MenuPage(driver)\n        AuthPage(driver)\n        with allure.step('Регистрация'):\n            reg_page = RegistPage(driver)\n            reg_page.random_user_reg()\n        with allure.step('Добавление товаров в корзину'):\n            menu_page.menu_page()\n            menu_page.add_to_cart()\n            WebDriverWait(driver, 3).until((EC.presence_of_element_located((\n                By.XPATH, \"//div[@class='inner']\"\n            ))))\n        with allure.step('Переход на страницу-Корзина'):\n            menu_page.go_to_cart()\n            bucket_page = BucketPage(driver)\n        with allure.step('Применение  валидного промокода'):\n            bucket_page.use_coupon('GIVEMEHALYAVA')\n        with allure.step('Заполнение формы оформления заказа'):\n            checkout_page = CheckoutPage(driver)\n            checkout_page.сheckout()\n            WebDriverWait(driver, 3).until((EC.presence_of_element_located((\n                By.XPATH, \"//h2[contains(text(), 'Заказ получен')]\"\n            ))))\n        with allure.step('Проверка применения промокода'):\n            assert 'ЗАКАЗ ПОЛУЧЕН' in driver.find_element(By.XPATH, \"//h2[@class='post-title']\").text\n    \n        with allure.step('Добавление товаров в корзину повторно'):\n            menu_page.menu_page()\n            menu_page.add_to_cart()\n            WebDriverWait(driver, 3).until((EC.presence_of_element_located((\n                By.XPATH, \"//div[@class='inner']\"\n            ))))\n        with allure.step('Переход на страницу-Корзина повторно'):\n            menu_page.go_to_cart()\n        bucket_page = BucketPage(driver)\n        with allure.step('Применение  валидного промокода повторно'):\n            bucket_page.use_coupon('GIVEMEHALYAVA')\n        with allure.step('Заполнение формы оформления заказа повторно'):\n            checkout_page = CheckoutPage(driver)\n>           checkout_page.сheckout()\n\ntest_pizzeria.py:127: \n_ _ _ _ _ _ _ _ _ _ _ _ _ _ _ _ _ _ _ _ _ _ _ _ _ _ _ _ _ _ _ _ _ _ _ _ _ _ _ _\n..\\pages\\checkout_page.py:28: in сheckout\n    self.driver.find_element(*self.radio_button).click()\nC:\\Users\\Kokur\\AppData\\Local\\miniconda3\\envs\\testenv2\\lib\\site-packages\\selenium\\webdriver\\remote\\webelement.py:94: in click\n    self._execute(Command.CLICK_ELEMENT)\nC:\\Users\\Kokur\\AppData\\Local\\miniconda3\\envs\\testenv2\\lib\\site-packages\\selenium\\webdriver\\remote\\webelement.py:395: in _execute\n    return self._parent.execute(command, params)\nC:\\Users\\Kokur\\AppData\\Local\\miniconda3\\envs\\testenv2\\lib\\site-packages\\selenium\\webdriver\\remote\\webdriver.py:354: in execute\n    self.error_handler.check_response(response)\n_ _ _ _ _ _ _ _ _ _ _ _ _ _ _ _ _ _ _ _ _ _ _ _ _ _ _ _ _ _ _ _ _ _ _ _ _ _ _ _\n\nself = <selenium.webdriver.remote.errorhandler.ErrorHandler object at 0x00000244941F9570>\nresponse = {'status': 404, 'value': '{\"value\":{\"error\":\"stale element reference\",\"message\":\"stale element reference: stale elemen...07FF626CB4A7F]\\\\n\\\\tBaseThreadInitThunk [0x00007FFC38E07374+20]\\\\n\\\\tRtlUserThreadStart [0x00007FFC39EBCC91+33]\\\\n\"}}'}\n\n    def check_response(self, response: Dict[str, Any]) -> None:\n        \"\"\"Checks that a JSON response from the WebDriver does not have an\n        error.\n    \n        :Args:\n         - response - The JSON response from the WebDriver server as a dictionary\n           object.\n    \n        :Raises: If the response contains an error message.\n        \"\"\"\n        status = response.get(\"status\", None)\n        if not status or status == ErrorCode.SUCCESS:\n            return\n        value = None\n        message = response.get(\"message\", \"\")\n        screen: str = response.get(\"screen\", \"\")\n        stacktrace = None\n        if isinstance(status, int):\n            value_json = response.get(\"value\", None)\n            if value_json and isinstance(value_json, str):\n                import json\n    \n                try:\n                    value = json.loads(value_json)\n                    if len(value) == 1:\n                        value = value[\"value\"]\n                    status = value.get(\"error\", None)\n                    if not status:\n                        status = value.get(\"status\", ErrorCode.UNKNOWN_ERROR)\n                        message = value.get(\"value\") or value.get(\"message\")\n                        if not isinstance(message, str):\n                            value = message\n                            message = message.get(\"message\")\n                    else:\n                        message = value.get(\"message\", None)\n                except ValueError:\n                    pass\n    \n        exception_class: Type[WebDriverException]\n        e = ErrorCode()\n        error_codes = [item for item in dir(e) if not item.startswith(\"__\")]\n        for error_code in error_codes:\n            error_info = getattr(ErrorCode, error_code)\n            if isinstance(error_info, list) and status in error_info:\n                exception_class = getattr(ExceptionMapping, error_code, WebDriverException)\n                break\n        else:\n            exception_class = WebDriverException\n    \n        if not value:\n            value = response[\"value\"]\n        if isinstance(value, str):\n            raise exception_class(value)\n        if message == \"\" and \"message\" in value:\n            message = value[\"message\"]\n    \n        screen = None  # type: ignore[assignment]\n        if \"screen\" in value:\n            screen = value[\"screen\"]\n    \n        stacktrace = None\n        st_value = value.get(\"stackTrace\") or value.get(\"stacktrace\")\n        if st_value:\n            if isinstance(st_value, str):\n                stacktrace = st_value.split(\"\\n\")\n            else:\n                stacktrace = []\n                try:\n                    for frame in st_value:\n                        line = frame.get(\"lineNumber\", \"\")\n                        file = frame.get(\"fileName\", \"<anonymous>\")\n                        if line:\n                            file = f\"{file}:{line}\"\n                        meth = frame.get(\"methodName\", \"<anonymous>\")\n                        if \"className\" in frame:\n                            meth = f\"{frame['className']}.{meth}\"\n                        msg = \"    at %s (%s)\"\n                        msg = msg % (meth, file)\n                        stacktrace.append(msg)\n                except TypeError:\n                    pass\n        if exception_class == UnexpectedAlertPresentException:\n            alert_text = None\n            if \"data\" in value:\n                alert_text = value[\"data\"].get(\"text\")\n            elif \"alert\" in value:\n                alert_text = value[\"alert\"].get(\"text\")\n            raise exception_class(message, screen, stacktrace, alert_text)  # type: ignore[call-arg]  # mypy is not smart enough here\n>       raise exception_class(message, screen, stacktrace)\nE       selenium.common.exceptions.StaleElementReferenceException: Message: stale element reference: stale element not found in the current frame\nE         (Session info: chrome=129.0.6668.59); For documentation on this error, please visit: https://www.selenium.dev/documentation/webdriver/troubleshooting/errors#stale-element-reference-exception\nE       Stacktrace:\nE       \tGetHandleVerifier [0x00007FF626D4B632+29090]\nE       \t(No symbol) [0x00007FF626CBE6E9]\nE       \t(No symbol) [0x00007FF626B7B1CA]\nE       \t(No symbol) [0x00007FF626B81CD3]\nE       \t(No symbol) [0x00007FF626B84071]\nE       \t(No symbol) [0x00007FF626B84110]\nE       \t(No symbol) [0x00007FF626BD6AF9]\nE       \t(No symbol) [0x00007FF626BD4682]\nE       \t(No symbol) [0x00007FF626BD1B9B]\nE       \t(No symbol) [0x00007FF626BD0DB5]\nE       \t(No symbol) [0x00007FF626BC2D61]\nE       \t(No symbol) [0x00007FF626BF66EA]\nE       \t(No symbol) [0x00007FF626BC26A6]\nE       \t(No symbol) [0x00007FF626BF6900]\nE       \t(No symbol) [0x00007FF626C165D9]\nE       \t(No symbol) [0x00007FF626BF6493]\nE       \t(No symbol) [0x00007FF626BC09B1]\nE       \t(No symbol) [0x00007FF626BC1B11]\nE       \tGetHandleVerifier [0x00007FF62706881D+3294093]\nE       \tGetHandleVerifier [0x00007FF6270B4403+3604339]\nE       \tGetHandleVerifier [0x00007FF6270AA2C7+3563063]\nE       \tGetHandleVerifier [0x00007FF626E06F16+797318]\nE       \t(No symbol) [0x00007FF626CC986F]\nE       \t(No symbol) [0x00007FF626CC5454]\nE       \t(No symbol) [0x00007FF626CC55E0]\nE       \t(No symbol) [0x00007FF626CB4A7F]\nE       \tBaseThreadInitThunk [0x00007FFC38E07374+20]\nE       \tRtlUserThreadStart [0x00007FFC39EBCC91+33]\n\nC:\\Users\\Kokur\\AppData\\Local\\miniconda3\\envs\\testenv2\\lib\\site-packages\\selenium\\webdriver\\remote\\errorhandler.py:229: StaleElementReferenceException"}, "steps": [{"name": "Регистрация", "status": "passed", "steps": [{"name": "Ввод в поле Имя", "status": "passed", "start": 1727200438527, "stop": 1727200438578}, {"name": "Ввод в поле mail", "status": "passed", "start": 1727200438578, "stop": 1727200438618}, {"name": "Ввод в поле - пароль", "status": "passed", "start": 1727200438618, "stop": 1727200438654}, {"name": "Нажатие кнопки - Зарегистрироваться", "status": "passed", "start": 1727200438654, "stop": 1727200438965}], "start": 1727200437949, "stop": 1727200438965}, {"name": "Добавление товаров в корзину", "status": "passed", "start": 1727200438965, "stop": 1727200439329}, {"name": "Переход на страницу-Корзина", "status": "passed", "start": 1727200439329, "stop": 1727200444627}, {"name": "Применение  валидного промокода", "status": "passed", "start": 1727200444627, "stop": 1727200447709}, {"name": "Заполнение формы оформления заказа", "status": "passed", "start": 1727200447709, "stop": 1727200449482}, {"name": "Проверка применения промокода", "status": "passed", "start": 1727200449482, "stop": 1727200449501}, {"name": "Добавление товаров в корзину повторно", "status": "passed", "start": 1727200449501, "stop": 1727200449765}, {"name": "Переход на страницу-Корзина повторно", "status": "passed", "start": 1727200449765, "stop": 1727200455013}, {"name": "Применение  валидного промокода повторно", "status": "passed", "start": 1727200455013, "stop": 1727200458084}, {"name": "Заполнение формы оформления заказа повторно", "status": "broken", "statusDetails": {"message": "selenium.common.exceptions.StaleElementReferenceException: Message: stale element reference: stale element not found in the current frame\n  (Session info: chrome=129.0.6668.59); For documentation on this error, please visit: https://www.selenium.dev/documentation/webdriver/troubleshooting/errors#stale-element-reference-exception\nStacktrace:\n\tGetHandleVerifier [0x00007FF626D4B632+29090]\n\t(No symbol) [0x00007FF626CBE6E9]\n\t(No symbol) [0x00007FF626B7B1CA]\n\t(No symbol) [0x00007FF626B81CD3]\n\t(No symbol) [0x00007FF626B84071]\n\t(No symbol) [0x00007FF626B84110]\n\t(No symbol) [0x00007FF626BD6AF9]\n\t(No symbol) [0x00007FF626BD4682]\n\t(No symbol) [0x00007FF626BD1B9B]\n\t(No symbol) [0x00007FF626BD0DB5]\n\t(No symbol) [0x00007FF626BC2D61]\n\t(No symbol) [0x00007FF626BF66EA]\n\t(No symbol) [0x00007FF626BC26A6]\n\t(No symbol) [0x00007FF626BF6900]\n\t(No symbol) [0x00007FF626C165D9]\n\t(No symbol) [0x00007FF626BF6493]\n\t(No symbol) [0x00007FF626BC09B1]\n\t(No symbol) [0x00007FF626BC1B11]\n\tGetHandleVerifier [0x00007FF62706881D+3294093]\n\tGetHandleVerifier [0x00007FF6270B4403+3604339]\n\tGetHandleVerifier [0x00007FF6270AA2C7+3563063]\n\tGetHandleVerifier [0x00007FF626E06F16+797318]\n\t(No symbol) [0x00007FF626CC986F]\n\t(No symbol) [0x00007FF626CC5454]\n\t(No symbol) [0x00007FF626CC55E0]\n\t(No symbol) [0x00007FF626CB4A7F]\n\tBaseThreadInitThunk [0x00007FFC38E07374+20]\n\tRtlUserThreadStart [0x00007FFC39EBCC91+33]\n\n", "trace": "  File \"C:\\Users\\Kokur\\PycharmProjects\\python-autotests-basic\\Pract2.7\\src\\tests\\test_pizzeria\\test_pizzeria.py\", line 127, in test_double_use_promo\n    checkout_page.сheckout()\n  File \"C:\\Users\\Kokur\\PycharmProjects\\python-autotests-basic\\Pract2.7\\src\\tests\\pages\\checkout_page.py\", line 28, in сheckout\n    self.driver.find_element(*self.radio_button).click()\n  File \"C:\\Users\\Kokur\\AppData\\Local\\miniconda3\\envs\\testenv2\\lib\\site-packages\\selenium\\webdriver\\remote\\webelement.py\", line 94, in click\n    self._execute(Command.CLICK_ELEMENT)\n  File \"C:\\Users\\Kokur\\AppData\\Local\\miniconda3\\envs\\testenv2\\lib\\site-packages\\selenium\\webdriver\\remote\\webelement.py\", line 395, in _execute\n    return self._parent.execute(command, params)\n  File \"C:\\Users\\Kokur\\AppData\\Local\\miniconda3\\envs\\testenv2\\lib\\site-packages\\selenium\\webdriver\\remote\\webdriver.py\", line 354, in execute\n    self.error_handler.check_response(response)\n  File \"C:\\Users\\Kokur\\AppData\\Local\\miniconda3\\envs\\testenv2\\lib\\site-packages\\selenium\\webdriver\\remote\\errorhandler.py\", line 229, in check_response\n    raise exception_class(message, screen, stacktrace)\n"}, "start": 1727200458084, "stop": 1727200458752}], "attachments": [{"name": "log", "source": "9fd4bf6b-bf77-4865-8f18-74b60a2b292e-attachment.txt", "type": "text/plain"}, {"name": "stderr", "source": "a251bf6b-3a0c-4a2e-bee1-bf25c506c285-attachment.txt", "type": "text/plain"}], "start": 1727200437949, "stop": 1727200458756, "uuid": "bbb83252-70c4-4a35-a6b6-3b8955af6ef9", "historyId": "25dacf334967d7042962fc733a057aae", "testCaseId": "25dacf334967d7042962fc733a057aae", "fullName": "src.tests.test_pizzeria.test_pizzeria.TestPizza#test_double_use_promo", "labels": [{"name": "parentSuite", "value": "src.tests.test_pizzeria"}, {"name": "suite", "value": "test_pizzeria"}, {"name": "subSuite", "value": "TestPizza"}, {"name": "host", "value": "DESKTOP-QG3FM91"}, {"name": "thread", "value": "29144-MainThread"}, {"name": "framework", "value": "pytest"}, {"name": "language", "value": "cpython3"}, {"name": "package", "value": "src.tests.test_pizzeria.test_pizzeria"}]}