{"name": "test_use_invalid_promo", "status": "broken", "statusDetails": {"message": "selenium.common.exceptions.NoSuchElementException: Message: no such element: Unable to locate element: {\"method\":\"xpath\",\"selector\":\"(//span[@class ='woocommerce-Price-amount amount'])[5]\"}\n  (Session info: chrome=129.0.6668.59); For documentation on this error, please visit: https://www.selenium.dev/documentation/webdriver/troubleshooting/errors#no-such-element-exception\nStacktrace:\n\tGetHandleVerifier [0x00007FF626D4B632+29090]\n\t(No symbol) [0x00007FF626CBE6E9]\n\t(No symbol) [0x00007FF626B7B1CA]\n\t(No symbol) [0x00007FF626BCEFD7]\n\t(No symbol) [0x00007FF626BCF22C]\n\t(No symbol) [0x00007FF626C197F7]\n\t(No symbol) [0x00007FF626BF672F]\n\t(No symbol) [0x00007FF626C165D9]\n\t(No symbol) [0x00007FF626BF6493]\n\t(No symbol) [0x00007FF626BC09B1]\n\t(No symbol) [0x00007FF626BC1B11]\n\tGetHandleVerifier [0x00007FF62706881D+3294093]\n\tGetHandleVerifier [0x00007FF6270B4403+3604339]\n\tGetHandleVerifier [0x00007FF6270AA2C7+3563063]\n\tGetHandleVerifier [0x00007FF626E06F16+797318]\n\t(No symbol) [0x00007FF626CC986F]\n\t(No symbol) [0x00007FF626CC5454]\n\t(No symbol) [0x00007FF626CC55E0]\n\t(No symbol) [0x00007FF626CB4A7F]\n\tBaseThreadInitThunk [0x00007FFC38E07374+20]\n\tRtlUserThreadStart [0x00007FFC39EBCC91+33]", "trace": "self = <src.tests.test_pizzeria.test_pizzeria.TestPizza object at 0x00000155AB3CF070>\nset_up_browser = <selenium.webdriver.chrome.webdriver.WebDriver (session=\"882074fb8cedd2418845118942993bd9\")>\n\n    def test_use_invalid_promo(self, set_up_browser):\n        with allure.step('Запуск браузера'):\n            driver = set_up_browser\n            menu_page = MenuPage(driver)\n        with allure.step('Переход на страницу меню'):\n            menu_page.menu_page()\n        with allure.step('Добавление товара в корзину'):\n            menu_page.add_to_cart()\n            WebDriverWait(driver, 3).until(EC.presence_of_element_located((\n                By.XPATH, \"//div[@class='inner']\"\n            )))\n            BucketPage(driver)\n            bucket_page = BucketPage(driver)\n            bucket_page.go_to_bucket()\n            bucket_page.use_coupon('DC120')\n        with allure.step('Проверка применения купона '):\n            original_price = driver.find_element(By.XPATH,\n                                                 \"(//span[@class ='woocommerce-Price-amount amount'])[3]\").text\n            original_price = float(original_price.replace('₽', '').replace(',', '.'))\n>           final_price = driver.find_element(By.XPATH, \"(//span[@class ='woocommerce-Price-amount amount'])[5]\").text\n\ntest_pizzeria.py:80: \n_ _ _ _ _ _ _ _ _ _ _ _ _ _ _ _ _ _ _ _ _ _ _ _ _ _ _ _ _ _ _ _ _ _ _ _ _ _ _ _\nC:\\Users\\Kokur\\AppData\\Local\\miniconda3\\envs\\testenv2\\lib\\site-packages\\selenium\\webdriver\\remote\\webdriver.py:748: in find_element\n    return self.execute(Command.FIND_ELEMENT, {\"using\": by, \"value\": value})[\"value\"]\nC:\\Users\\Kokur\\AppData\\Local\\miniconda3\\envs\\testenv2\\lib\\site-packages\\selenium\\webdriver\\remote\\webdriver.py:354: in execute\n    self.error_handler.check_response(response)\n_ _ _ _ _ _ _ _ _ _ _ _ _ _ _ _ _ _ _ _ _ _ _ _ _ _ _ _ _ _ _ _ _ _ _ _ _ _ _ _\n\nself = <selenium.webdriver.remote.errorhandler.ErrorHandler object at 0x00000155AB3CE440>\nresponse = {'status': 404, 'value': '{\"value\":{\"error\":\"no such element\",\"message\":\"no such element: Unable to locate element: {\\...07FF626CB4A7F]\\\\n\\\\tBaseThreadInitThunk [0x00007FFC38E07374+20]\\\\n\\\\tRtlUserThreadStart [0x00007FFC39EBCC91+33]\\\\n\"}}'}\n\n    def check_response(self, response: Dict[str, Any]) -> None:\n        \"\"\"Checks that a JSON response from the WebDriver does not have an\n        error.\n    \n        :Args:\n         - response - The JSON response from the WebDriver server as a dictionary\n           object.\n    \n        :Raises: If the response contains an error message.\n        \"\"\"\n        status = response.get(\"status\", None)\n        if not status or status == ErrorCode.SUCCESS:\n            return\n        value = None\n        message = response.get(\"message\", \"\")\n        screen: str = response.get(\"screen\", \"\")\n        stacktrace = None\n        if isinstance(status, int):\n            value_json = response.get(\"value\", None)\n            if value_json and isinstance(value_json, str):\n                import json\n    \n                try:\n                    value = json.loads(value_json)\n                    if len(value) == 1:\n                        value = value[\"value\"]\n                    status = value.get(\"error\", None)\n                    if not status:\n                        status = value.get(\"status\", ErrorCode.UNKNOWN_ERROR)\n                        message = value.get(\"value\") or value.get(\"message\")\n                        if not isinstance(message, str):\n                            value = message\n                            message = message.get(\"message\")\n                    else:\n                        message = value.get(\"message\", None)\n                except ValueError:\n                    pass\n    \n        exception_class: Type[WebDriverException]\n        e = ErrorCode()\n        error_codes = [item for item in dir(e) if not item.startswith(\"__\")]\n        for error_code in error_codes:\n            error_info = getattr(ErrorCode, error_code)\n            if isinstance(error_info, list) and status in error_info:\n                exception_class = getattr(ExceptionMapping, error_code, WebDriverException)\n                break\n        else:\n            exception_class = WebDriverException\n    \n        if not value:\n            value = response[\"value\"]\n        if isinstance(value, str):\n            raise exception_class(value)\n        if message == \"\" and \"message\" in value:\n            message = value[\"message\"]\n    \n        screen = None  # type: ignore[assignment]\n        if \"screen\" in value:\n            screen = value[\"screen\"]\n    \n        stacktrace = None\n        st_value = value.get(\"stackTrace\") or value.get(\"stacktrace\")\n        if st_value:\n            if isinstance(st_value, str):\n                stacktrace = st_value.split(\"\\n\")\n            else:\n                stacktrace = []\n                try:\n                    for frame in st_value:\n                        line = frame.get(\"lineNumber\", \"\")\n                        file = frame.get(\"fileName\", \"<anonymous>\")\n                        if line:\n                            file = f\"{file}:{line}\"\n                        meth = frame.get(\"methodName\", \"<anonymous>\")\n                        if \"className\" in frame:\n                            meth = f\"{frame['className']}.{meth}\"\n                        msg = \"    at %s (%s)\"\n                        msg = msg % (meth, file)\n                        stacktrace.append(msg)\n                except TypeError:\n                    pass\n        if exception_class == UnexpectedAlertPresentException:\n            alert_text = None\n            if \"data\" in value:\n                alert_text = value[\"data\"].get(\"text\")\n            elif \"alert\" in value:\n                alert_text = value[\"alert\"].get(\"text\")\n            raise exception_class(message, screen, stacktrace, alert_text)  # type: ignore[call-arg]  # mypy is not smart enough here\n>       raise exception_class(message, screen, stacktrace)\nE       selenium.common.exceptions.NoSuchElementException: Message: no such element: Unable to locate element: {\"method\":\"xpath\",\"selector\":\"(//span[@class ='woocommerce-Price-amount amount'])[5]\"}\nE         (Session info: chrome=129.0.6668.59); For documentation on this error, please visit: https://www.selenium.dev/documentation/webdriver/troubleshooting/errors#no-such-element-exception\nE       Stacktrace:\nE       \tGetHandleVerifier [0x00007FF626D4B632+29090]\nE       \t(No symbol) [0x00007FF626CBE6E9]\nE       \t(No symbol) [0x00007FF626B7B1CA]\nE       \t(No symbol) [0x00007FF626BCEFD7]\nE       \t(No symbol) [0x00007FF626BCF22C]\nE       \t(No symbol) [0x00007FF626C197F7]\nE       \t(No symbol) [0x00007FF626BF672F]\nE       \t(No symbol) [0x00007FF626C165D9]\nE       \t(No symbol) [0x00007FF626BF6493]\nE       \t(No symbol) [0x00007FF626BC09B1]\nE       \t(No symbol) [0x00007FF626BC1B11]\nE       \tGetHandleVerifier [0x00007FF62706881D+3294093]\nE       \tGetHandleVerifier [0x00007FF6270B4403+3604339]\nE       \tGetHandleVerifier [0x00007FF6270AA2C7+3563063]\nE       \tGetHandleVerifier [0x00007FF626E06F16+797318]\nE       \t(No symbol) [0x00007FF626CC986F]\nE       \t(No symbol) [0x00007FF626CC5454]\nE       \t(No symbol) [0x00007FF626CC55E0]\nE       \t(No symbol) [0x00007FF626CB4A7F]\nE       \tBaseThreadInitThunk [0x00007FFC38E07374+20]\nE       \tRtlUserThreadStart [0x00007FFC39EBCC91+33]\n\nC:\\Users\\Kokur\\AppData\\Local\\miniconda3\\envs\\testenv2\\lib\\site-packages\\selenium\\webdriver\\remote\\errorhandler.py:229: NoSuchElementException"}, "steps": [{"name": "Запуск браузера", "status": "passed", "start": 1727200091676, "stop": 1727200091676}, {"name": "Переход на страницу меню", "status": "passed", "start": 1727200091676, "stop": 1727200092318}, {"name": "Добавление товара в корзину", "status": "passed", "start": 1727200092318, "stop": 1727200100677}, {"name": "Проверка применения купона ", "status": "broken", "statusDetails": {"message": "selenium.common.exceptions.NoSuchElementException: Message: no such element: Unable to locate element: {\"method\":\"xpath\",\"selector\":\"(//span[@class ='woocommerce-Price-amount amount'])[5]\"}\n  (Session info: chrome=129.0.6668.59); For documentation on this error, please visit: https://www.selenium.dev/documentation/webdriver/troubleshooting/errors#no-such-element-exception\nStacktrace:\n\tGetHandleVerifier [0x00007FF626D4B632+29090]\n\t(No symbol) [0x00007FF626CBE6E9]\n\t(No symbol) [0x00007FF626B7B1CA]\n\t(No symbol) [0x00007FF626BCEFD7]\n\t(No symbol) [0x00007FF626BCF22C]\n\t(No symbol) [0x00007FF626C197F7]\n\t(No symbol) [0x00007FF626BF672F]\n\t(No symbol) [0x00007FF626C165D9]\n\t(No symbol) [0x00007FF626BF6493]\n\t(No symbol) [0x00007FF626BC09B1]\n\t(No symbol) [0x00007FF626BC1B11]\n\tGetHandleVerifier [0x00007FF62706881D+3294093]\n\tGetHandleVerifier [0x00007FF6270B4403+3604339]\n\tGetHandleVerifier [0x00007FF6270AA2C7+3563063]\n\tGetHandleVerifier [0x00007FF626E06F16+797318]\n\t(No symbol) [0x00007FF626CC986F]\n\t(No symbol) [0x00007FF626CC5454]\n\t(No symbol) [0x00007FF626CC55E0]\n\t(No symbol) [0x00007FF626CB4A7F]\n\tBaseThreadInitThunk [0x00007FFC38E07374+20]\n\tRtlUserThreadStart [0x00007FFC39EBCC91+33]\n\n", "trace": "  File \"C:\\Users\\Kokur\\PycharmProjects\\python-autotests-basic\\Pract2.7\\src\\tests\\test_pizzeria\\test_pizzeria.py\", line 80, in test_use_invalid_promo\n    final_price = driver.find_element(By.XPATH, \"(//span[@class ='woocommerce-Price-amount amount'])[5]\").text\n  File \"C:\\Users\\Kokur\\AppData\\Local\\miniconda3\\envs\\testenv2\\lib\\site-packages\\selenium\\webdriver\\remote\\webdriver.py\", line 748, in find_element\n    return self.execute(Command.FIND_ELEMENT, {\"using\": by, \"value\": value})[\"value\"]\n  File \"C:\\Users\\Kokur\\AppData\\Local\\miniconda3\\envs\\testenv2\\lib\\site-packages\\selenium\\webdriver\\remote\\webdriver.py\", line 354, in execute\n    self.error_handler.check_response(response)\n  File \"C:\\Users\\Kokur\\AppData\\Local\\miniconda3\\envs\\testenv2\\lib\\site-packages\\selenium\\webdriver\\remote\\errorhandler.py\", line 229, in check_response\n    raise exception_class(message, screen, stacktrace)\n"}, "start": 1727200100677, "stop": 1727200110731}], "attachments": [{"name": "log", "source": "bdc46ed8-cfe4-419b-ba5e-a6032ef235d9-attachment.txt", "type": "text/plain"}, {"name": "stderr", "source": "7dac3323-3e58-49c7-99b2-b97e0e620734-attachment.txt", "type": "text/plain"}], "start": 1727200091676, "stop": 1727200110732, "uuid": "b50e7c19-94f4-4f59-a000-cf36342b150e", "historyId": "331c5d7f8e5ca0bdf75d88bd9339c810", "testCaseId": "331c5d7f8e5ca0bdf75d88bd9339c810", "fullName": "src.tests.test_pizzeria.test_pizzeria.TestPizza#test_use_invalid_promo", "labels": [{"name": "parentSuite", "value": "src.tests.test_pizzeria"}, {"name": "suite", "value": "test_pizzeria"}, {"name": "subSuite", "value": "TestPizza"}, {"name": "host", "value": "DESKTOP-QG3FM91"}, {"name": "thread", "value": "17616-MainThread"}, {"name": "framework", "value": "pytest"}, {"name": "language", "value": "cpython3"}, {"name": "package", "value": "src.tests.test_pizzeria.test_pizzeria"}]}